d:\downloads\tgl-master\tgl-master\zlib\contrib\vstudio\vc11\x86\zlibdllreleasewithoutasm\vc140.pdb
d:\downloads\tgl-master\tgl-master\zlib\contrib\vstudio\vc11\x86\zlibdllreleasewithoutasm\tmp\zutil.obj
d:\downloads\tgl-master\tgl-master\zlib\contrib\vstudio\vc11\x86\zlibdllreleasewithoutasm\tmp\zip.obj
d:\downloads\tgl-master\tgl-master\zlib\contrib\vstudio\vc11\x86\zlibdllreleasewithoutasm\tmp\unzip.obj
d:\downloads\tgl-master\tgl-master\zlib\contrib\vstudio\vc11\x86\zlibdllreleasewithoutasm\tmp\uncompr.obj
d:\downloads\tgl-master\tgl-master\zlib\contrib\vstudio\vc11\x86\zlibdllreleasewithoutasm\tmp\trees.obj
d:\downloads\tgl-master\tgl-master\zlib\contrib\vstudio\vc11\x86\zlibdllreleasewithoutasm\tmp\iowin32.obj
d:\downloads\tgl-master\tgl-master\zlib\contrib\vstudio\vc11\x86\zlibdllreleasewithoutasm\tmp\ioapi.obj
d:\downloads\tgl-master\tgl-master\zlib\contrib\vstudio\vc11\x86\zlibdllreleasewithoutasm\tmp\inftrees.obj
d:\downloads\tgl-master\tgl-master\zlib\contrib\vstudio\vc11\x86\zlibdllreleasewithoutasm\tmp\inflate.obj
d:\downloads\tgl-master\tgl-master\zlib\contrib\vstudio\vc11\x86\zlibdllreleasewithoutasm\tmp\inffast.obj
d:\downloads\tgl-master\tgl-master\zlib\contrib\vstudio\vc11\x86\zlibdllreleasewithoutasm\tmp\infback.obj
d:\downloads\tgl-master\tgl-master\zlib\contrib\vstudio\vc11\x86\zlibdllreleasewithoutasm\tmp\gzwrite.obj
d:\downloads\tgl-master\tgl-master\zlib\contrib\vstudio\vc11\x86\zlibdllreleasewithoutasm\tmp\gzread.obj
d:\downloads\tgl-master\tgl-master\zlib\contrib\vstudio\vc11\x86\zlibdllreleasewithoutasm\tmp\gzlib.obj
d:\downloads\tgl-master\tgl-master\zlib\contrib\vstudio\vc11\x86\zlibdllreleasewithoutasm\tmp\gzclose.obj
d:\downloads\tgl-master\tgl-master\zlib\contrib\vstudio\vc11\x86\zlibdllreleasewithoutasm\tmp\deflate.obj
d:\downloads\tgl-master\tgl-master\zlib\contrib\vstudio\vc11\x86\zlibdllreleasewithoutasm\tmp\crc32.obj
d:\downloads\tgl-master\tgl-master\zlib\contrib\vstudio\vc11\x86\zlibdllreleasewithoutasm\tmp\compress.obj
d:\downloads\tgl-master\tgl-master\zlib\contrib\vstudio\vc11\x86\zlibdllreleasewithoutasm\tmp\adler32.obj
d:\downloads\tgl-master\tgl-master\zlib\contrib\vstudio\vc11\x86\zlibdllreleasewithoutasm\tmp\zlib.res
d:\downloads\tgl-master\tgl-master\zlib\contrib\vstudio\vc11\x86\zlibdllreleasewithoutasm\zlibwapi.dll
d:\downloads\tgl-master\tgl-master\zlib\contrib\vstudio\vc11\x86\zlibdllreleasewithoutasm\tmp\zlibvc.tlog\cl.command.1.tlog
d:\downloads\tgl-master\tgl-master\zlib\contrib\vstudio\vc11\x86\zlibdllreleasewithoutasm\tmp\zlibvc.tlog\cl.read.1.tlog
d:\downloads\tgl-master\tgl-master\zlib\contrib\vstudio\vc11\x86\zlibdllreleasewithoutasm\tmp\zlibvc.tlog\cl.write.1.tlog
d:\downloads\tgl-master\tgl-master\zlib\contrib\vstudio\vc11\x86\zlibdllreleasewithoutasm\tmp\zlibvc.tlog\link.command.1.tlog
d:\downloads\tgl-master\tgl-master\zlib\contrib\vstudio\vc11\x86\zlibdllreleasewithoutasm\tmp\zlibvc.tlog\link.read.1.tlog
d:\downloads\tgl-master\tgl-master\zlib\contrib\vstudio\vc11\x86\zlibdllreleasewithoutasm\tmp\zlibvc.tlog\link.write.1.tlog
d:\downloads\tgl-master\tgl-master\zlib\contrib\vstudio\vc11\x86\zlibdllreleasewithoutasm\tmp\zlibvc.tlog\rc.command.1.tlog
d:\downloads\tgl-master\tgl-master\zlib\contrib\vstudio\vc11\x86\zlibdllreleasewithoutasm\tmp\zlibvc.tlog\rc.read.1.tlog
d:\downloads\tgl-master\tgl-master\zlib\contrib\vstudio\vc11\x86\zlibdllreleasewithoutasm\tmp\zlibvc.tlog\rc.write.1.tlog
