d:\downloads\tgl-master\tgl-master\zlib\contrib\vstudio\vc11\x86\zlibstatreleasewithoutasm\zlibstat.pdb
d:\downloads\tgl-master\tgl-master\zlib\contrib\vstudio\vc11\x86\zlibstatreleasewithoutasm\tmp\zutil.obj
d:\downloads\tgl-master\tgl-master\zlib\contrib\vstudio\vc11\x86\zlibstatreleasewithoutasm\tmp\zip.obj
d:\downloads\tgl-master\tgl-master\zlib\contrib\vstudio\vc11\x86\zlibstatreleasewithoutasm\tmp\unzip.obj
d:\downloads\tgl-master\tgl-master\zlib\contrib\vstudio\vc11\x86\zlibstatreleasewithoutasm\tmp\uncompr.obj
d:\downloads\tgl-master\tgl-master\zlib\contrib\vstudio\vc11\x86\zlibstatreleasewithoutasm\tmp\trees.obj
d:\downloads\tgl-master\tgl-master\zlib\contrib\vstudio\vc11\x86\zlibstatreleasewithoutasm\tmp\ioapi.obj
d:\downloads\tgl-master\tgl-master\zlib\contrib\vstudio\vc11\x86\zlibstatreleasewithoutasm\tmp\inftrees.obj
d:\downloads\tgl-master\tgl-master\zlib\contrib\vstudio\vc11\x86\zlibstatreleasewithoutasm\tmp\inflate.obj
d:\downloads\tgl-master\tgl-master\zlib\contrib\vstudio\vc11\x86\zlibstatreleasewithoutasm\tmp\inffast.obj
d:\downloads\tgl-master\tgl-master\zlib\contrib\vstudio\vc11\x86\zlibstatreleasewithoutasm\tmp\infback.obj
d:\downloads\tgl-master\tgl-master\zlib\contrib\vstudio\vc11\x86\zlibstatreleasewithoutasm\tmp\gzwrite.obj
d:\downloads\tgl-master\tgl-master\zlib\contrib\vstudio\vc11\x86\zlibstatreleasewithoutasm\tmp\gzread.obj
d:\downloads\tgl-master\tgl-master\zlib\contrib\vstudio\vc11\x86\zlibstatreleasewithoutasm\tmp\gzlib.obj
d:\downloads\tgl-master\tgl-master\zlib\contrib\vstudio\vc11\x86\zlibstatreleasewithoutasm\tmp\gzclose.obj
d:\downloads\tgl-master\tgl-master\zlib\contrib\vstudio\vc11\x86\zlibstatreleasewithoutasm\tmp\deflate.obj
d:\downloads\tgl-master\tgl-master\zlib\contrib\vstudio\vc11\x86\zlibstatreleasewithoutasm\tmp\crc32.obj
d:\downloads\tgl-master\tgl-master\zlib\contrib\vstudio\vc11\x86\zlibstatreleasewithoutasm\tmp\compress.obj
d:\downloads\tgl-master\tgl-master\zlib\contrib\vstudio\vc11\x86\zlibstatreleasewithoutasm\tmp\adler32.obj
d:\downloads\tgl-master\tgl-master\zlib\contrib\vstudio\vc11\x86\zlibstatreleasewithoutasm\zlibstat.lib
d:\downloads\tgl-master\tgl-master\zlib\contrib\vstudio\vc11\x86\zlibstatreleasewithoutasm\tmp\zlib.res
d:\downloads\tgl-master\tgl-master\zlib\contrib\vstudio\vc11\x86\zlibstatreleasewithoutasm\tmp\zlibstat.tlog\cl.command.1.tlog
d:\downloads\tgl-master\tgl-master\zlib\contrib\vstudio\vc11\x86\zlibstatreleasewithoutasm\tmp\zlibstat.tlog\cl.read.1.tlog
d:\downloads\tgl-master\tgl-master\zlib\contrib\vstudio\vc11\x86\zlibstatreleasewithoutasm\tmp\zlibstat.tlog\cl.write.1.tlog
d:\downloads\tgl-master\tgl-master\zlib\contrib\vstudio\vc11\x86\zlibstatreleasewithoutasm\tmp\zlibstat.tlog\lib-link-cvtres.read.1.tlog
d:\downloads\tgl-master\tgl-master\zlib\contrib\vstudio\vc11\x86\zlibstatreleasewithoutasm\tmp\zlibstat.tlog\lib-link-cvtres.write.1.tlog
d:\downloads\tgl-master\tgl-master\zlib\contrib\vstudio\vc11\x86\zlibstatreleasewithoutasm\tmp\zlibstat.tlog\lib.command.1.tlog
d:\downloads\tgl-master\tgl-master\zlib\contrib\vstudio\vc11\x86\zlibstatreleasewithoutasm\tmp\zlibstat.tlog\rc.command.1.tlog
d:\downloads\tgl-master\tgl-master\zlib\contrib\vstudio\vc11\x86\zlibstatreleasewithoutasm\tmp\zlibstat.tlog\rc.read.1.tlog
d:\downloads\tgl-master\tgl-master\zlib\contrib\vstudio\vc11\x86\zlibstatreleasewithoutasm\tmp\zlibstat.tlog\rc.write.1.tlog
